CRITICAL - 2022-03-10 20:46:38 --> Class "App\Models\UserModel" not found
#0 C:\laragon\www\tarea6\system\CodeIgniter.php(832): App\Controllers\Widget->index()
#1 C:\laragon\www\tarea6\system\CodeIgniter.php(419): CodeIgniter\CodeIgniter->runController(Object(App\Controllers\Widget))
#2 C:\laragon\www\tarea6\system\CodeIgniter.php(326): CodeIgniter\CodeIgniter->handleRequest(NULL, Object(Config\Cache), false)
#3 C:\laragon\www\tarea6\public\index.php(37): CodeIgniter\CodeIgniter->run()
#4 C:\laragon\www\tarea6\system\Commands\Server\rewrite.php(43): require_once('C:\\laragon\\www\\...')
#5 {main}
CRITICAL - 2022-03-10 20:49:41 --> Undefined variable $data
#0 C:\laragon\www\tarea6\app\Controllers\Widget.php(10): CodeIgniter\Debug\Exceptions->errorHandler(2, 'Undefined varia...', 'C:\\laragon\\www\\...', 10)
#1 C:\laragon\www\tarea6\system\CodeIgniter.php(832): App\Controllers\Widget->index()
#2 C:\laragon\www\tarea6\system\CodeIgniter.php(419): CodeIgniter\CodeIgniter->runController(Object(App\Controllers\Widget))
#3 C:\laragon\www\tarea6\system\CodeIgniter.php(326): CodeIgniter\CodeIgniter->handleRequest(NULL, Object(Config\Cache), false)
#4 C:\laragon\www\tarea6\public\index.php(37): CodeIgniter\CodeIgniter->run()
#5 C:\laragon\www\tarea6\system\Commands\Server\rewrite.php(43): require_once('C:\\laragon\\www\\...')
#6 {main}
CRITICAL - 2022-03-10 21:00:59 --> Undefined variable $pager
#0 C:\laragon\www\tarea6\app\Models\UserModel.php(1): CodeIgniter\Debug\Exceptions->errorHandler(2, 'Undefined varia...', 'C:\\laragon\\www\\...', 1)
#1 C:\laragon\www\tarea6\system\Autoloader\Autoloader.php(264): include_once('C:\\laragon\\www\\...')
#2 C:\laragon\www\tarea6\system\Autoloader\Autoloader.php(241): CodeIgniter\Autoloader\Autoloader->includeFile('C:\\laragon\\www\\...')
#3 C:\laragon\www\tarea6\system\Autoloader\Autoloader.php(219): CodeIgniter\Autoloader\Autoloader->loadInNamespace('App\\Models\\User...')
#4 C:\laragon\www\tarea6\app\Controllers\Cliente.php(9): CodeIgniter\Autoloader\Autoloader->loadClass('App\\Models\\User...')
#5 C:\laragon\www\tarea6\system\CodeIgniter.php(832): App\Controllers\Cliente->index()
#6 C:\laragon\www\tarea6\system\CodeIgniter.php(419): CodeIgniter\CodeIgniter->runController(Object(App\Controllers\Cliente))
#7 C:\laragon\www\tarea6\system\CodeIgniter.php(326): CodeIgniter\CodeIgniter->handleRequest(NULL, Object(Config\Cache), false)
#8 C:\laragon\www\tarea6\public\index.php(37): CodeIgniter\CodeIgniter->run()
#9 C:\laragon\www\tarea6\system\Commands\Server\rewrite.php(43): require_once('C:\\laragon\\www\\...')
#10 {main}
CRITICAL - 2022-03-10 21:03:19 --> Undefined variable $pager
#0 C:\laragon\www\tarea6\app\Models\UserModel.php(1): CodeIgniter\Debug\Exceptions->errorHandler(2, 'Undefined varia...', 'C:\\laragon\\www\\...', 1)
#1 C:\laragon\www\tarea6\system\Autoloader\Autoloader.php(264): include_once('C:\\laragon\\www\\...')
#2 C:\laragon\www\tarea6\system\Autoloader\Autoloader.php(241): CodeIgniter\Autoloader\Autoloader->includeFile('C:\\laragon\\www\\...')
#3 C:\laragon\www\tarea6\system\Autoloader\Autoloader.php(219): CodeIgniter\Autoloader\Autoloader->loadInNamespace('App\\Models\\User...')
#4 C:\laragon\www\tarea6\app\Controllers\Cliente.php(9): CodeIgniter\Autoloader\Autoloader->loadClass('App\\Models\\User...')
#5 C:\laragon\www\tarea6\system\CodeIgniter.php(832): App\Controllers\Cliente->index()
#6 C:\laragon\www\tarea6\system\CodeIgniter.php(419): CodeIgniter\CodeIgniter->runController(Object(App\Controllers\Cliente))
#7 C:\laragon\www\tarea6\system\CodeIgniter.php(326): CodeIgniter\CodeIgniter->handleRequest(NULL, Object(Config\Cache), false)
#8 C:\laragon\www\tarea6\public\index.php(37): CodeIgniter\CodeIgniter->run()
#9 C:\laragon\www\tarea6\system\Commands\Server\rewrite.php(43): require_once('C:\\laragon\\www\\...')
#10 {main}
CRITICAL - 2022-03-10 21:03:25 --> Undefined variable $pager
#0 C:\laragon\www\tarea6\app\Models\UserModel.php(1): CodeIgniter\Debug\Exceptions->errorHandler(2, 'Undefined varia...', 'C:\\laragon\\www\\...', 1)
#1 C:\laragon\www\tarea6\system\Autoloader\Autoloader.php(264): include_once('C:\\laragon\\www\\...')
#2 C:\laragon\www\tarea6\system\Autoloader\Autoloader.php(241): CodeIgniter\Autoloader\Autoloader->includeFile('C:\\laragon\\www\\...')
#3 C:\laragon\www\tarea6\system\Autoloader\Autoloader.php(219): CodeIgniter\Autoloader\Autoloader->loadInNamespace('App\\Models\\User...')
#4 C:\laragon\www\tarea6\app\Controllers\Cliente.php(9): CodeIgniter\Autoloader\Autoloader->loadClass('App\\Models\\User...')
#5 C:\laragon\www\tarea6\system\CodeIgniter.php(832): App\Controllers\Cliente->index()
#6 C:\laragon\www\tarea6\system\CodeIgniter.php(419): CodeIgniter\CodeIgniter->runController(Object(App\Controllers\Cliente))
#7 C:\laragon\www\tarea6\system\CodeIgniter.php(326): CodeIgniter\CodeIgniter->handleRequest(NULL, Object(Config\Cache), false)
#8 C:\laragon\www\tarea6\public\index.php(37): CodeIgniter\CodeIgniter->run()
#9 C:\laragon\www\tarea6\system\Commands\Server\rewrite.php(43): require_once('C:\\laragon\\www\\...')
#10 {main}
CRITICAL - 2022-03-10 21:03:29 --> Undefined variable $pager
#0 C:\laragon\www\tarea6\app\Models\UserModel.php(1): CodeIgniter\Debug\Exceptions->errorHandler(2, 'Undefined varia...', 'C:\\laragon\\www\\...', 1)
#1 C:\laragon\www\tarea6\system\Autoloader\Autoloader.php(264): include_once('C:\\laragon\\www\\...')
#2 C:\laragon\www\tarea6\system\Autoloader\Autoloader.php(241): CodeIgniter\Autoloader\Autoloader->includeFile('C:\\laragon\\www\\...')
#3 C:\laragon\www\tarea6\system\Autoloader\Autoloader.php(219): CodeIgniter\Autoloader\Autoloader->loadInNamespace('App\\Models\\User...')
#4 C:\laragon\www\tarea6\app\Controllers\Cliente.php(9): CodeIgniter\Autoloader\Autoloader->loadClass('App\\Models\\User...')
#5 C:\laragon\www\tarea6\system\CodeIgniter.php(832): App\Controllers\Cliente->index()
#6 C:\laragon\www\tarea6\system\CodeIgniter.php(419): CodeIgniter\CodeIgniter->runController(Object(App\Controllers\Cliente))
#7 C:\laragon\www\tarea6\system\CodeIgniter.php(326): CodeIgniter\CodeIgniter->handleRequest(NULL, Object(Config\Cache), false)
#8 C:\laragon\www\tarea6\public\index.php(37): CodeIgniter\CodeIgniter->run()
#9 C:\laragon\www\tarea6\system\Commands\Server\rewrite.php(43): require_once('C:\\laragon\\www\\...')
#10 {main}
CRITICAL - 2022-03-10 21:14:22 --> Class "Model" not found
#0 C:\laragon\www\tarea6\system\Autoloader\Autoloader.php(264): include_once()
#1 C:\laragon\www\tarea6\system\Autoloader\Autoloader.php(241): CodeIgniter\Autoloader\Autoloader->includeFile('C:\\laragon\\www\\...')
#2 C:\laragon\www\tarea6\system\Autoloader\Autoloader.php(219): CodeIgniter\Autoloader\Autoloader->loadInNamespace('App\\Models\\User...')
#3 C:\laragon\www\tarea6\app\Controllers\Cliente.php(9): CodeIgniter\Autoloader\Autoloader->loadClass('App\\Models\\User...')
#4 C:\laragon\www\tarea6\system\CodeIgniter.php(832): App\Controllers\Cliente->index()
#5 C:\laragon\www\tarea6\system\CodeIgniter.php(419): CodeIgniter\CodeIgniter->runController(Object(App\Controllers\Cliente))
#6 C:\laragon\www\tarea6\system\CodeIgniter.php(326): CodeIgniter\CodeIgniter->handleRequest(NULL, Object(Config\Cache), false)
#7 C:\laragon\www\tarea6\public\index.php(37): CodeIgniter\CodeIgniter->run()
#8 C:\laragon\www\tarea6\system\Commands\Server\rewrite.php(43): require_once('C:\\laragon\\www\\...')
#9 {main}
CRITICAL - 2022-03-10 21:25:48 --> Class "App\Models\Model" not found
#0 C:\laragon\www\tarea6\system\Autoloader\Autoloader.php(264): include_once()
#1 C:\laragon\www\tarea6\system\Autoloader\Autoloader.php(241): CodeIgniter\Autoloader\Autoloader->includeFile('C:\\laragon\\www\\...')
#2 C:\laragon\www\tarea6\system\Autoloader\Autoloader.php(219): CodeIgniter\Autoloader\Autoloader->loadInNamespace('App\\Models\\User...')
#3 C:\laragon\www\tarea6\app\Controllers\Cliente.php(9): CodeIgniter\Autoloader\Autoloader->loadClass('App\\Models\\User...')
#4 C:\laragon\www\tarea6\system\CodeIgniter.php(832): App\Controllers\Cliente->index()
#5 C:\laragon\www\tarea6\system\CodeIgniter.php(419): CodeIgniter\CodeIgniter->runController(Object(App\Controllers\Cliente))
#6 C:\laragon\www\tarea6\system\CodeIgniter.php(326): CodeIgniter\CodeIgniter->handleRequest(NULL, Object(Config\Cache), false)
#7 C:\laragon\www\tarea6\public\index.php(37): CodeIgniter\CodeIgniter->run()
#8 C:\laragon\www\tarea6\system\Commands\Server\rewrite.php(43): require_once('C:\\laragon\\www\\...')
#9 {main}
ERROR - 2022-03-10 21:27:38 --> Error connecting to the database: Access denied for user ''@'localhost' (using password: NO)
CRITICAL - 2022-03-10 21:27:38 --> Unable to connect to the database.
Main connection [MySQLi]: Access denied for user ''@'localhost' (using password: NO)
#0 C:\laragon\www\tarea6\system\Database\BaseConnection.php(577): CodeIgniter\Database\BaseConnection->initialize()
#1 C:\laragon\www\tarea6\system\Database\BaseBuilder.php(1539): CodeIgniter\Database\BaseConnection->query('SELECT COUNT(*)...', Array, false)
#2 C:\laragon\www\tarea6\system\Model.php(509): CodeIgniter\Database\BaseBuilder->countAllResults(false)
#3 C:\laragon\www\tarea6\system\BaseModel.php(1084): CodeIgniter\Model->countAllResults(false)
#4 C:\laragon\www\tarea6\app\Controllers\Cliente.php(12): CodeIgniter\BaseModel->paginate(10)
#5 C:\laragon\www\tarea6\system\CodeIgniter.php(832): App\Controllers\Cliente->index()
#6 C:\laragon\www\tarea6\system\CodeIgniter.php(419): CodeIgniter\CodeIgniter->runController(Object(App\Controllers\Cliente))
#7 C:\laragon\www\tarea6\system\CodeIgniter.php(326): CodeIgniter\CodeIgniter->handleRequest(NULL, Object(Config\Cache), false)
#8 C:\laragon\www\tarea6\public\index.php(37): CodeIgniter\CodeIgniter->run()
#9 C:\laragon\www\tarea6\system\Commands\Server\rewrite.php(43): require_once('C:\\laragon\\www\\...')
#10 {main}
ERROR - 2022-03-10 21:29:22 --> Error connecting to the database: Access denied for user ''@'localhost' (using password: NO)
CRITICAL - 2022-03-10 21:29:22 --> Unable to connect to the database.
Main connection [MySQLi]: Access denied for user ''@'localhost' (using password: NO)
#0 C:\laragon\www\tarea6\system\Database\BaseConnection.php(577): CodeIgniter\Database\BaseConnection->initialize()
#1 C:\laragon\www\tarea6\system\Database\BaseBuilder.php(1539): CodeIgniter\Database\BaseConnection->query('SELECT COUNT(*)...', Array, false)
#2 C:\laragon\www\tarea6\system\Model.php(509): CodeIgniter\Database\BaseBuilder->countAllResults(false)
#3 C:\laragon\www\tarea6\system\BaseModel.php(1084): CodeIgniter\Model->countAllResults(false)
#4 C:\laragon\www\tarea6\app\Controllers\Cliente.php(12): CodeIgniter\BaseModel->paginate(10)
#5 C:\laragon\www\tarea6\system\CodeIgniter.php(832): App\Controllers\Cliente->index()
#6 C:\laragon\www\tarea6\system\CodeIgniter.php(419): CodeIgniter\CodeIgniter->runController(Object(App\Controllers\Cliente))
#7 C:\laragon\www\tarea6\system\CodeIgniter.php(326): CodeIgniter\CodeIgniter->handleRequest(NULL, Object(Config\Cache), false)
#8 C:\laragon\www\tarea6\public\index.php(37): CodeIgniter\CodeIgniter->run()
#9 C:\laragon\www\tarea6\system\Commands\Server\rewrite.php(43): require_once('C:\\laragon\\www\\...')
#10 {main}
ERROR - 2022-03-10 21:31:36 --> Table 'tarea6.tarea6' doesn't exist
CRITICAL - 2022-03-10 21:31:36 --> Table 'tarea6.tarea6' doesn't exist
#0 C:\laragon\www\tarea6\system\Database\MySQLi\Connection.php(292): mysqli->query('SELECT COUNT(*)...', 0)
#1 C:\laragon\www\tarea6\system\Database\BaseConnection.php(670): CodeIgniter\Database\MySQLi\Connection->execute('SELECT COUNT(*)...')
#2 C:\laragon\www\tarea6\system\Database\BaseConnection.php(598): CodeIgniter\Database\BaseConnection->simpleQuery('SELECT COUNT(*)...')
#3 C:\laragon\www\tarea6\system\Database\BaseBuilder.php(1539): CodeIgniter\Database\BaseConnection->query('SELECT COUNT(*)...', Array, false)
#4 C:\laragon\www\tarea6\system\Model.php(509): CodeIgniter\Database\BaseBuilder->countAllResults(false)
#5 C:\laragon\www\tarea6\system\BaseModel.php(1084): CodeIgniter\Model->countAllResults(false)
#6 C:\laragon\www\tarea6\app\Controllers\Cliente.php(12): CodeIgniter\BaseModel->paginate(10)
#7 C:\laragon\www\tarea6\system\CodeIgniter.php(832): App\Controllers\Cliente->index()
#8 C:\laragon\www\tarea6\system\CodeIgniter.php(419): CodeIgniter\CodeIgniter->runController(Object(App\Controllers\Cliente))
#9 C:\laragon\www\tarea6\system\CodeIgniter.php(326): CodeIgniter\CodeIgniter->handleRequest(NULL, Object(Config\Cache), false)
#10 C:\laragon\www\tarea6\public\index.php(37): CodeIgniter\CodeIgniter->run()
#11 C:\laragon\www\tarea6\system\Commands\Server\rewrite.php(43): require_once('C:\\laragon\\www\\...')
#12 {main}
ERROR - 2022-03-10 21:31:53 --> Table 'tarea6.tarea6' doesn't exist
CRITICAL - 2022-03-10 21:31:53 --> Table 'tarea6.tarea6' doesn't exist
#0 C:\laragon\www\tarea6\system\Database\MySQLi\Connection.php(292): mysqli->query('SELECT COUNT(*)...', 0)
#1 C:\laragon\www\tarea6\system\Database\BaseConnection.php(670): CodeIgniter\Database\MySQLi\Connection->execute('SELECT COUNT(*)...')
#2 C:\laragon\www\tarea6\system\Database\BaseConnection.php(598): CodeIgniter\Database\BaseConnection->simpleQuery('SELECT COUNT(*)...')
#3 C:\laragon\www\tarea6\system\Database\BaseBuilder.php(1539): CodeIgniter\Database\BaseConnection->query('SELECT COUNT(*)...', Array, false)
#4 C:\laragon\www\tarea6\system\Model.php(509): CodeIgniter\Database\BaseBuilder->countAllResults(false)
#5 C:\laragon\www\tarea6\system\BaseModel.php(1084): CodeIgniter\Model->countAllResults(false)
#6 C:\laragon\www\tarea6\app\Controllers\Cliente.php(12): CodeIgniter\BaseModel->paginate(10)
#7 C:\laragon\www\tarea6\system\CodeIgniter.php(832): App\Controllers\Cliente->index()
#8 C:\laragon\www\tarea6\system\CodeIgniter.php(419): CodeIgniter\CodeIgniter->runController(Object(App\Controllers\Cliente))
#9 C:\laragon\www\tarea6\system\CodeIgniter.php(326): CodeIgniter\CodeIgniter->handleRequest(NULL, Object(Config\Cache), false)
#10 C:\laragon\www\tarea6\public\index.php(37): CodeIgniter\CodeIgniter->run()
#11 C:\laragon\www\tarea6\system\Commands\Server\rewrite.php(43): require_once('C:\\laragon\\www\\...')
#12 {main}
ERROR - 2022-03-10 21:32:05 --> Table 'tarea6.tarea6' doesn't exist
CRITICAL - 2022-03-10 21:32:05 --> Table 'tarea6.tarea6' doesn't exist
#0 C:\laragon\www\tarea6\system\Database\MySQLi\Connection.php(292): mysqli->query('SELECT COUNT(*)...', 0)
#1 C:\laragon\www\tarea6\system\Database\BaseConnection.php(670): CodeIgniter\Database\MySQLi\Connection->execute('SELECT COUNT(*)...')
#2 C:\laragon\www\tarea6\system\Database\BaseConnection.php(598): CodeIgniter\Database\BaseConnection->simpleQuery('SELECT COUNT(*)...')
#3 C:\laragon\www\tarea6\system\Database\BaseBuilder.php(1539): CodeIgniter\Database\BaseConnection->query('SELECT COUNT(*)...', Array, false)
#4 C:\laragon\www\tarea6\system\Model.php(509): CodeIgniter\Database\BaseBuilder->countAllResults(false)
#5 C:\laragon\www\tarea6\system\BaseModel.php(1084): CodeIgniter\Model->countAllResults(false)
#6 C:\laragon\www\tarea6\app\Controllers\Cliente.php(12): CodeIgniter\BaseModel->paginate(10)
#7 C:\laragon\www\tarea6\system\CodeIgniter.php(832): App\Controllers\Cliente->index()
#8 C:\laragon\www\tarea6\system\CodeIgniter.php(419): CodeIgniter\CodeIgniter->runController(Object(App\Controllers\Cliente))
#9 C:\laragon\www\tarea6\system\CodeIgniter.php(326): CodeIgniter\CodeIgniter->handleRequest(NULL, Object(Config\Cache), false)
#10 C:\laragon\www\tarea6\public\index.php(37): CodeIgniter\CodeIgniter->run()
#11 C:\laragon\www\tarea6\system\Commands\Server\rewrite.php(43): require_once('C:\\laragon\\www\\...')
#12 {main}
CRITICAL - 2022-03-10 22:02:01 --> Undefined variable $editorial
#0 C:\laragon\www\tarea6\app\Views\empresa\index.php(37): CodeIgniter\Debug\Exceptions->errorHandler(2, 'Undefined varia...', 'C:\\laragon\\www\\...', 37)
#1 C:\laragon\www\tarea6\system\View\View.php(210): include('C:\\laragon\\www\\...')
#2 C:\laragon\www\tarea6\system\View\View.php(213): CodeIgniter\View\View->CodeIgniter\View\{closure}()
#3 C:\laragon\www\tarea6\system\Common.php(1089): CodeIgniter\View\View->render('empresa/index', Array, true)
#4 C:\laragon\www\tarea6\app\Controllers\Cliente.php(16): view('empresa/index', Array)
#5 C:\laragon\www\tarea6\system\CodeIgniter.php(832): App\Controllers\Cliente->index()
#6 C:\laragon\www\tarea6\system\CodeIgniter.php(419): CodeIgniter\CodeIgniter->runController(Object(App\Controllers\Cliente))
#7 C:\laragon\www\tarea6\system\CodeIgniter.php(326): CodeIgniter\CodeIgniter->handleRequest(NULL, Object(Config\Cache), false)
#8 C:\laragon\www\tarea6\public\index.php(37): CodeIgniter\CodeIgniter->run()
#9 C:\laragon\www\tarea6\system\Commands\Server\rewrite.php(43): require_once('C:\\laragon\\www\\...')
#10 {main}
CRITICAL - 2022-03-10 22:02:33 --> Undefined variable $nombre
#0 C:\laragon\www\tarea6\app\Views\empresa\index.php(37): CodeIgniter\Debug\Exceptions->errorHandler(2, 'Undefined varia...', 'C:\\laragon\\www\\...', 37)
#1 C:\laragon\www\tarea6\system\View\View.php(210): include('C:\\laragon\\www\\...')
#2 C:\laragon\www\tarea6\system\View\View.php(213): CodeIgniter\View\View->CodeIgniter\View\{closure}()
#3 C:\laragon\www\tarea6\system\Common.php(1089): CodeIgniter\View\View->render('empresa/index', Array, true)
#4 C:\laragon\www\tarea6\app\Controllers\Cliente.php(16): view('empresa/index', Array)
#5 C:\laragon\www\tarea6\system\CodeIgniter.php(832): App\Controllers\Cliente->index()
#6 C:\laragon\www\tarea6\system\CodeIgniter.php(419): CodeIgniter\CodeIgniter->runController(Object(App\Controllers\Cliente))
#7 C:\laragon\www\tarea6\system\CodeIgniter.php(326): CodeIgniter\CodeIgniter->handleRequest(NULL, Object(Config\Cache), false)
#8 C:\laragon\www\tarea6\public\index.php(37): CodeIgniter\CodeIgniter->run()
#9 C:\laragon\www\tarea6\system\Commands\Server\rewrite.php(43): require_once('C:\\laragon\\www\\...')
#10 {main}
CRITICAL - 2022-03-10 22:03:17 --> Undefined variable $nombre
#0 C:\laragon\www\tarea6\app\Views\empresa\index.php(37): CodeIgniter\Debug\Exceptions->errorHandler(2, 'Undefined varia...', 'C:\\laragon\\www\\...', 37)
#1 C:\laragon\www\tarea6\system\View\View.php(210): include('C:\\laragon\\www\\...')
#2 C:\laragon\www\tarea6\system\View\View.php(213): CodeIgniter\View\View->CodeIgniter\View\{closure}()
#3 C:\laragon\www\tarea6\system\Common.php(1089): CodeIgniter\View\View->render('empresa/index', Array, true)
#4 C:\laragon\www\tarea6\app\Controllers\Cliente.php(16): view('empresa/index', Array)
#5 C:\laragon\www\tarea6\system\CodeIgniter.php(832): App\Controllers\Cliente->index()
#6 C:\laragon\www\tarea6\system\CodeIgniter.php(419): CodeIgniter\CodeIgniter->runController(Object(App\Controllers\Cliente))
#7 C:\laragon\www\tarea6\system\CodeIgniter.php(326): CodeIgniter\CodeIgniter->handleRequest(NULL, Object(Config\Cache), false)
#8 C:\laragon\www\tarea6\public\index.php(37): CodeIgniter\CodeIgniter->run()
#9 C:\laragon\www\tarea6\system\Commands\Server\rewrite.php(43): require_once('C:\\laragon\\www\\...')
#10 {main}
CRITICAL - 2022-03-10 22:04:02 --> Undefined variable $id
#0 C:\laragon\www\tarea6\app\Views\empresa\index.php(37): CodeIgniter\Debug\Exceptions->errorHandler(2, 'Undefined varia...', 'C:\\laragon\\www\\...', 37)
#1 C:\laragon\www\tarea6\system\View\View.php(210): include('C:\\laragon\\www\\...')
#2 C:\laragon\www\tarea6\system\View\View.php(213): CodeIgniter\View\View->CodeIgniter\View\{closure}()
#3 C:\laragon\www\tarea6\system\Common.php(1089): CodeIgniter\View\View->render('empresa/index', Array, true)
#4 C:\laragon\www\tarea6\app\Controllers\Cliente.php(16): view('empresa/index', Array)
#5 C:\laragon\www\tarea6\system\CodeIgniter.php(832): App\Controllers\Cliente->index()
#6 C:\laragon\www\tarea6\system\CodeIgniter.php(419): CodeIgniter\CodeIgniter->runController(Object(App\Controllers\Cliente))
#7 C:\laragon\www\tarea6\system\CodeIgniter.php(326): CodeIgniter\CodeIgniter->handleRequest(NULL, Object(Config\Cache), false)
#8 C:\laragon\www\tarea6\public\index.php(37): CodeIgniter\CodeIgniter->run()
#9 C:\laragon\www\tarea6\system\Commands\Server\rewrite.php(43): require_once('C:\\laragon\\www\\...')
#10 {main}
CRITICAL - 2022-03-10 22:21:44 --> Undefined variable $id
#0 C:\laragon\www\tarea6\app\Views\empresa\index.php(37): CodeIgniter\Debug\Exceptions->errorHandler(2, 'Undefined varia...', 'C:\\laragon\\www\\...', 37)
#1 C:\laragon\www\tarea6\system\View\View.php(210): include('C:\\laragon\\www\\...')
#2 C:\laragon\www\tarea6\system\View\View.php(213): CodeIgniter\View\View->CodeIgniter\View\{closure}()
#3 C:\laragon\www\tarea6\system\Common.php(1089): CodeIgniter\View\View->render('empresa/index', Array, true)
#4 C:\laragon\www\tarea6\app\Controllers\Cliente.php(16): view('empresa/index', Array)
#5 C:\laragon\www\tarea6\system\CodeIgniter.php(832): App\Controllers\Cliente->index()
#6 C:\laragon\www\tarea6\system\CodeIgniter.php(419): CodeIgniter\CodeIgniter->runController(Object(App\Controllers\Cliente))
#7 C:\laragon\www\tarea6\system\CodeIgniter.php(326): CodeIgniter\CodeIgniter->handleRequest(NULL, Object(Config\Cache), false)
#8 C:\laragon\www\tarea6\public\index.php(37): CodeIgniter\CodeIgniter->run()
#9 C:\laragon\www\tarea6\system\Commands\Server\rewrite.php(43): require_once('C:\\laragon\\www\\...')
#10 {main}
CRITICAL - 2022-03-10 22:33:16 --> Undefined variable $id
#0 C:\laragon\www\tarea6\app\Views\empresa\index.php(39): CodeIgniter\Debug\Exceptions->errorHandler(2, 'Undefined varia...', 'C:\\laragon\\www\\...', 39)
#1 C:\laragon\www\tarea6\system\View\View.php(210): include('C:\\laragon\\www\\...')
#2 C:\laragon\www\tarea6\system\View\View.php(213): CodeIgniter\View\View->CodeIgniter\View\{closure}()
#3 C:\laragon\www\tarea6\system\Common.php(1089): CodeIgniter\View\View->render('empresa/index', Array, true)
#4 C:\laragon\www\tarea6\app\Controllers\Cliente.php(16): view('empresa/index', Array)
#5 C:\laragon\www\tarea6\system\CodeIgniter.php(832): App\Controllers\Cliente->index()
#6 C:\laragon\www\tarea6\system\CodeIgniter.php(419): CodeIgniter\CodeIgniter->runController(Object(App\Controllers\Cliente))
#7 C:\laragon\www\tarea6\system\CodeIgniter.php(326): CodeIgniter\CodeIgniter->handleRequest(NULL, Object(Config\Cache), false)
#8 C:\laragon\www\tarea6\public\index.php(37): CodeIgniter\CodeIgniter->run()
#9 C:\laragon\www\tarea6\system\Commands\Server\rewrite.php(43): require_once('C:\\laragon\\www\\...')
#10 {main}
CRITICAL - 2022-03-10 22:33:51 --> Undefined variable $id
#0 C:\laragon\www\tarea6\app\Views\empresa\index.php(39): CodeIgniter\Debug\Exceptions->errorHandler(2, 'Undefined varia...', 'C:\\laragon\\www\\...', 39)
#1 C:\laragon\www\tarea6\system\View\View.php(210): include('C:\\laragon\\www\\...')
#2 C:\laragon\www\tarea6\system\View\View.php(213): CodeIgniter\View\View->CodeIgniter\View\{closure}()
#3 C:\laragon\www\tarea6\system\Common.php(1089): CodeIgniter\View\View->render('empresa/index', Array, true)
#4 C:\laragon\www\tarea6\app\Controllers\Cliente.php(16): view('empresa/index', Array)
#5 C:\laragon\www\tarea6\system\CodeIgniter.php(832): App\Controllers\Cliente->index()
#6 C:\laragon\www\tarea6\system\CodeIgniter.php(419): CodeIgniter\CodeIgniter->runController(Object(App\Controllers\Cliente))
#7 C:\laragon\www\tarea6\system\CodeIgniter.php(326): CodeIgniter\CodeIgniter->handleRequest(NULL, Object(Config\Cache), false)
#8 C:\laragon\www\tarea6\public\index.php(37): CodeIgniter\CodeIgniter->run()
#9 C:\laragon\www\tarea6\system\Commands\Server\rewrite.php(43): require_once('C:\\laragon\\www\\...')
#10 {main}
CRITICAL - 2022-03-10 22:34:04 --> Undefined variable $Cliente
#0 C:\laragon\www\tarea6\app\Views\empresa\index.php(41): CodeIgniter\Debug\Exceptions->errorHandler(2, 'Undefined varia...', 'C:\\laragon\\www\\...', 41)
#1 C:\laragon\www\tarea6\system\View\View.php(210): include('C:\\laragon\\www\\...')
#2 C:\laragon\www\tarea6\system\View\View.php(213): CodeIgniter\View\View->CodeIgniter\View\{closure}()
#3 C:\laragon\www\tarea6\system\Common.php(1089): CodeIgniter\View\View->render('empresa/index', Array, true)
#4 C:\laragon\www\tarea6\app\Controllers\Cliente.php(16): view('empresa/index', Array)
#5 C:\laragon\www\tarea6\system\CodeIgniter.php(832): App\Controllers\Cliente->index()
#6 C:\laragon\www\tarea6\system\CodeIgniter.php(419): CodeIgniter\CodeIgniter->runController(Object(App\Controllers\Cliente))
#7 C:\laragon\www\tarea6\system\CodeIgniter.php(326): CodeIgniter\CodeIgniter->handleRequest(NULL, Object(Config\Cache), false)
#8 C:\laragon\www\tarea6\public\index.php(37): CodeIgniter\CodeIgniter->run()
#9 C:\laragon\www\tarea6\system\Commands\Server\rewrite.php(43): require_once('C:\\laragon\\www\\...')
#10 {main}
