ERROR - 2022-03-14 19:54:51 --> Error connecting to the database: No se puede establecer una conexión ya que el equipo de destino denegó expresamente dicha conexión
CRITICAL - 2022-03-14 19:54:51 --> Unable to connect to the database.
Main connection [MySQLi]: No se puede establecer una conexión ya que el equipo de destino denegó expresamente dicha conexión
#0 C:\laragon\www\tarea6\system\Database\BaseConnection.php(577): CodeIgniter\Database\BaseConnection->initialize()
#1 C:\laragon\www\tarea6\system\Database\BaseBuilder.php(1539): CodeIgniter\Database\BaseConnection->query('SELECT COUNT(*)...', Array, false)
#2 C:\laragon\www\tarea6\system\Model.php(509): CodeIgniter\Database\BaseBuilder->countAllResults(false)
#3 C:\laragon\www\tarea6\system\BaseModel.php(1084): CodeIgniter\Model->countAllResults(false)
#4 C:\laragon\www\tarea6\app\Controllers\Cliente.php(12): CodeIgniter\BaseModel->paginate(10)
#5 C:\laragon\www\tarea6\system\CodeIgniter.php(832): App\Controllers\Cliente->index()
#6 C:\laragon\www\tarea6\system\CodeIgniter.php(419): CodeIgniter\CodeIgniter->runController(Object(App\Controllers\Cliente))
#7 C:\laragon\www\tarea6\system\CodeIgniter.php(326): CodeIgniter\CodeIgniter->handleRequest(NULL, Object(Config\Cache), false)
#8 C:\laragon\www\tarea6\public\index.php(37): CodeIgniter\CodeIgniter->run()
#9 C:\laragon\www\tarea6\system\Commands\Server\rewrite.php(43): require_once('C:\\laragon\\www\\...')
#10 {main}
ERROR - 2022-03-14 19:55:05 --> Error connecting to the database: No se puede establecer una conexión ya que el equipo de destino denegó expresamente dicha conexión
CRITICAL - 2022-03-14 19:55:05 --> Unable to connect to the database.
Main connection [MySQLi]: No se puede establecer una conexión ya que el equipo de destino denegó expresamente dicha conexión
#0 C:\laragon\www\tarea6\system\Database\BaseConnection.php(577): CodeIgniter\Database\BaseConnection->initialize()
#1 C:\laragon\www\tarea6\system\Database\BaseBuilder.php(1539): CodeIgniter\Database\BaseConnection->query('SELECT COUNT(*)...', Array, false)
#2 C:\laragon\www\tarea6\system\Model.php(509): CodeIgniter\Database\BaseBuilder->countAllResults(false)
#3 C:\laragon\www\tarea6\system\BaseModel.php(1084): CodeIgniter\Model->countAllResults(false)
#4 C:\laragon\www\tarea6\app\Controllers\Cliente.php(12): CodeIgniter\BaseModel->paginate(10)
#5 C:\laragon\www\tarea6\system\CodeIgniter.php(832): App\Controllers\Cliente->index()
#6 C:\laragon\www\tarea6\system\CodeIgniter.php(419): CodeIgniter\CodeIgniter->runController(Object(App\Controllers\Cliente))
#7 C:\laragon\www\tarea6\system\CodeIgniter.php(326): CodeIgniter\CodeIgniter->handleRequest(NULL, Object(Config\Cache), false)
#8 C:\laragon\www\tarea6\public\index.php(37): CodeIgniter\CodeIgniter->run()
#9 C:\laragon\www\tarea6\system\Commands\Server\rewrite.php(43): require_once('C:\\laragon\\www\\...')
#10 {main}
